<?xml version="1.0" encoding="UTF-8"?>
<!-- Generated by org.testng.reporters.JUnitReportReporter -->
<testsuite hostname="QJ07304646" failures="0" tests="1" name="seleniumFirstTest.TestNGOpenBrowserTest" time="15.173" errors="0" timestamp="14 Jan 2019 17:06:51 GMT" skipped="0">
  <testcase classname="seleniumFirstTest.TestNGOpenBrowserTest" name="testOpenBrowser" time="15.173"/>
</testsuite> <!-- seleniumFirstTest.TestNGOpenBrowserTest -->
